[Wed Nov 12 04:06:37.849707 2025] [mpm_prefork:notice] [pid 278] AH00163: Apache/2.4.25 (Debian) configured -- resuming normal operations
[Wed Nov 12 04:06:37.849769 2025] [core:notice] [pid 278] AH00094: Command line: '/usr/sbin/apache2'
[Wed Nov 12 04:10:14.103621 2025] [mpm_prefork:notice] [pid 278] AH00163: Apache/2.4.25 (Debian) configured -- resuming normal operations
[Wed Nov 12 04:10:14.103802 2025] [core:notice] [pid 278] AH00094: Command line: '/usr/sbin/apache2'
[Wed Nov 12 04:20:36.223199 2025] [mpm_prefork:notice] [pid 278] AH00163: Apache/2.4.25 (Debian) configured -- resuming normal operations
[Wed Nov 12 04:20:36.223336 2025] [core:notice] [pid 278] AH00094: Command line: '/usr/sbin/apache2'
[Wed Nov 12 04:30:43.578598 2025] [mpm_prefork:notice] [pid 277] AH00163: Apache/2.4.25 (Debian) configured -- resuming normal operations
[Wed Nov 12 04:30:43.578702 2025] [core:notice] [pid 277] AH00094: Command line: '/usr/sbin/apache2'
[Wed Nov 12 04:38:05.314515 2025] [mpm_prefork:notice] [pid 278] AH00163: Apache/2.4.25 (Debian) configured -- resuming normal operations
[Wed Nov 12 04:38:05.314611 2025] [core:notice] [pid 278] AH00094: Command line: '/usr/sbin/apache2'
[Wed Nov 12 04:41:12.784440 2025] [mpm_prefork:notice] [pid 278] AH00163: Apache/2.4.25 (Debian) configured -- resuming normal operations
[Wed Nov 12 04:41:12.784541 2025] [core:notice] [pid 278] AH00094: Command line: '/usr/sbin/apache2'
[Wed Nov 12 22:02:08.610136 2025] [mpm_prefork:notice] [pid 282] AH00163: Apache/2.4.25 (Debian) configured -- resuming normal operations
[Wed Nov 12 22:02:08.610219 2025] [core:notice] [pid 282] AH00094: Command line: '/usr/sbin/apache2'
[Wed Nov 12 22:10:17.956312 2025] [mpm_prefork:notice] [pid 278] AH00163: Apache/2.4.25 (Debian) configured -- resuming normal operations
[Wed Nov 12 22:10:17.956408 2025] [core:notice] [pid 278] AH00094: Command line: '/usr/sbin/apache2'
[Thu Nov 13 21:06:46.699966 2025] [mpm_prefork:notice] [pid 277] AH00163: Apache/2.4.25 (Debian) configured -- resuming normal operations
[Thu Nov 13 21:06:46.700018 2025] [core:notice] [pid 277] AH00094: Command line: '/usr/sbin/apache2'
[Thu Nov 13 21:31:14.799738 2025] [mpm_prefork:notice] [pid 276] AH00163: Apache/2.4.25 (Debian) configured -- resuming normal operations
[Thu Nov 13 21:31:14.799781 2025] [core:notice] [pid 276] AH00094: Command line: '/usr/sbin/apache2'
[Thu Nov 13 21:42:58.875404 2025] [mpm_prefork:notice] [pid 276] AH00163: Apache/2.4.25 (Debian) configured -- resuming normal operations
[Thu Nov 13 21:42:58.875452 2025] [core:notice] [pid 276] AH00094: Command line: '/usr/sbin/apache2'
[Thu Nov 13 21:51:50.740735 2025] [mpm_prefork:notice] [pid 279] AH00163: Apache/2.4.25 (Debian) configured -- resuming normal operations
[Thu Nov 13 21:51:50.740826 2025] [core:notice] [pid 279] AH00094: Command line: '/usr/sbin/apache2'
[Thu Nov 13 21:53:26.204373 2025] [mpm_prefork:notice] [pid 278] AH00163: Apache/2.4.25 (Debian) configured -- resuming normal operations
[Thu Nov 13 21:53:26.204472 2025] [core:notice] [pid 278] AH00094: Command line: '/usr/sbin/apache2'
[Thu Nov 13 22:10:41.073663 2025] [mpm_prefork:notice] [pid 275] AH00163: Apache/2.4.25 (Debian) configured -- resuming normal operations
[Thu Nov 13 22:10:41.073724 2025] [core:notice] [pid 275] AH00094: Command line: '/usr/sbin/apache2'
[Fri Nov 14 22:06:14.253291 2025] [mpm_prefork:notice] [pid 275] AH00163: Apache/2.4.25 (Debian) configured -- resuming normal operations
[Fri Nov 14 22:06:14.253391 2025] [core:notice] [pid 275] AH00094: Command line: '/usr/sbin/apache2'
[Fri Nov 14 22:22:29.093454 2025] [mpm_prefork:notice] [pid 280] AH00163: Apache/2.4.25 (Debian) configured -- resuming normal operations
[Fri Nov 14 22:22:29.093519 2025] [core:notice] [pid 280] AH00094: Command line: '/usr/sbin/apache2'
[Fri Nov 14 22:24:08.749361 2025] [mpm_prefork:notice] [pid 281] AH00163: Apache/2.4.25 (Debian) configured -- resuming normal operations
[Fri Nov 14 22:24:08.749419 2025] [core:notice] [pid 281] AH00094: Command line: '/usr/sbin/apache2'
[Fri Nov 14 22:35:33.116303 2025] [mpm_prefork:notice] [pid 278] AH00163: Apache/2.4.25 (Debian) configured -- resuming normal operations
[Fri Nov 14 22:35:33.116416 2025] [core:notice] [pid 278] AH00094: Command line: '/usr/sbin/apache2'
[Mon Nov 17 01:42:05.973865 2025] [core:warn] [pid 285] AH00098: pid file /var/run/apache2/apache2.pid overwritten -- Unclean shutdown of previous Apache run?
[Mon Nov 17 01:42:05.982139 2025] [mpm_prefork:notice] [pid 285] AH00163: Apache/2.4.25 (Debian) configured -- resuming normal operations
[Mon Nov 17 01:42:05.982181 2025] [core:notice] [pid 285] AH00094: Command line: '/usr/sbin/apache2'
[Mon Nov 17 02:17:24.672270 2025] [mpm_prefork:notice] [pid 282] AH00163: Apache/2.4.25 (Debian) configured -- resuming normal operations
[Mon Nov 17 02:17:24.672380 2025] [core:notice] [pid 282] AH00094: Command line: '/usr/sbin/apache2'
[Mon Nov 17 02:29:42.676578 2025] [mpm_prefork:notice] [pid 277] AH00163: Apache/2.4.25 (Debian) configured -- resuming normal operations
[Mon Nov 17 02:29:42.676681 2025] [core:notice] [pid 277] AH00094: Command line: '/usr/sbin/apache2'
[Mon Nov 17 03:56:42.622714 2025] [mpm_prefork:notice] [pid 278] AH00163: Apache/2.4.25 (Debian) configured -- resuming normal operations
[Mon Nov 17 03:56:42.622802 2025] [core:notice] [pid 278] AH00094: Command line: '/usr/sbin/apache2'
[Mon Nov 17 04:59:06.151350 2025] [mpm_prefork:notice] [pid 279] AH00163: Apache/2.4.25 (Debian) configured -- resuming normal operations
[Mon Nov 17 04:59:06.151440 2025] [core:notice] [pid 279] AH00094: Command line: '/usr/sbin/apache2'
[Mon Nov 17 05:11:07.028960 2025] [mpm_prefork:notice] [pid 278] AH00163: Apache/2.4.25 (Debian) configured -- resuming normal operations
[Mon Nov 17 05:11:07.029075 2025] [core:notice] [pid 278] AH00094: Command line: '/usr/sbin/apache2'
